<?xml version="1.0" encoding="UTF-8"?>
<testng-results ignored="0" total="1" passed="1" failed="0" skipped="0">
  <reporter-output>
  </reporter-output>
  <suite started-at="2023-09-05T16:11:51 PDT" name="Default suite" finished-at="2023-09-05T16:11:51 PDT" duration-ms="73">
    <groups>
    </groups>
    <test started-at="2023-09-05T16:11:51 PDT" name="Default test" finished-at="2023-09-05T16:11:51 PDT" duration-ms="73">
      <class name="PS1">
        <test-method is-config="true" signature="beforeRun()[pri:0, instance:PS1@272113c4]" started-at="2023-09-05T16:11:51 PDT" name="beforeRun" finished-at="2023-09-05T16:11:51 PDT" duration-ms="7" status="PASS">
          <reporter-output>
          </reporter-output>
        </test-method> <!-- beforeRun -->
        <test-method signature="testRun()[pri:0, instance:PS1@272113c4]" started-at="2023-09-05T16:11:51 PDT" name="testRun" finished-at="2023-09-05T16:11:51 PDT" duration-ms="10" status="PASS">
          <reporter-output>
          </reporter-output>
        </test-method> <!-- testRun -->
        <test-method is-config="true" signature="afterRun()[pri:0, instance:PS1@272113c4]" started-at="2023-09-05T16:11:51 PDT" name="afterRun" finished-at="2023-09-05T16:11:51 PDT" duration-ms="2" status="PASS">
          <reporter-output>
          </reporter-output>
        </test-method> <!-- afterRun -->
      </class> <!-- PS1 -->
    </test> <!-- Default test -->
  </suite> <!-- Default suite -->
</testng-results>
