<?xml version="1.0" encoding="UTF-8"?>
<!-- Generated by org.testng.reporters.JUnitXMLReporter -->
<testsuite ignored="2" hostname="snehas-mbp.lan" failures="0" tests="5" name="Car Loan" time="0.056" errors="0" timestamp="2023-09-05T13:11:51 PDT">
  <testcase classname="test.day3" name="mobileLogOutCarLoan" time="0.003"/>
  <testcase classname="test.day3" name="mobileLogOutCarLoan" time="0.0"/>
  <testcase classname="test.day3" name="mobileLogOutCarLoan" time="0.002"/>
  <testcase classname="test.day3" name="mobileLoginCarLoan" time="0.002"/>
  <testcase classname="test.day3" name="webLoginCarLoan" time="0.006"/>
  <testcase classname="test.day3" name="mobileSigninCarLoan" time="0.0">
    <ignored/>
  </testcase> <!-- mobileSigninCarLoan -->
  <testcase classname="test.day3" name="APICarLoan" time="0.0">
    <ignored/>
  </testcase> <!-- APICarLoan -->
</testsuite> <!-- Car Loan -->
