<?xml version="1.0" encoding="UTF-8"?>
<!-- Generated by org.testng.reporters.JUnitXMLReporter -->
<testsuite ignored="1" hostname="snehas-mbp.lan" failures="1" tests="5" name="Personal Loan" time="0.097" errors="0" timestamp="2023-09-05T13:11:51 PDT">
  <testcase classname="test.day1" name="demo" time="0.019">
    <failure type="java.lang.AssertionError" message="expected [true] but found [false]">
      <![CDATA[java.lang.AssertionError: expected [true] but found [false]
at test.day1.demo(day1.java:17)
at java.base/java.util.ArrayList.forEach(ArrayList.java:1511)
... Removed 31 stack frames]]>
    </failure>
  </testcase> <!-- demo -->
  <testcase classname="test.day2" name="ploan" time="0.004"/>
  <testcase classname="test.day4" name="loginAPIHomeLoan" time="0.002"/>
  <testcase classname="test.day4" name="mobileLoginHomeLoan" time="0.003"/>
  <testcase classname="test.day4" name="webLoginHomeLoan" time="0.002"/>
  <testcase classname="test.day1" name="secondTest" time="0.0">
    <ignored/>
  </testcase> <!-- secondTest -->
</testsuite> <!-- Personal Loan -->
