<?xml version="1.0" encoding="UTF-8"?>
<!-- Generated by org.testng.reporters.JUnitXMLReporter -->
<testsuite ignored="8" hostname="snehas-mbp.lan" failures="0" tests="3" name="Regression" time="0.067" errors="0" timestamp="2023-08-31T10:34:14 PDT">
  <testcase classname="test.day2" name="ploan" time="0.008"/>
  <testcase classname="test.day3" name="webLoginCarLoan" time="0.002"/>
  <testcase classname="test.day4" name="loginAPIHomeLoan" time="0.001"/>
  <testcase classname="test.day1" name="demo" time="0.0">
    <ignored/>
  </testcase> <!-- demo -->
  <testcase classname="test.day1" name="secondTest" time="0.0">
    <ignored/>
  </testcase> <!-- secondTest -->
  <testcase classname="test.day3" name="mobileLoginCarLoan" time="0.0">
    <ignored/>
  </testcase> <!-- mobileLoginCarLoan -->
  <testcase classname="test.day4" name="webLoginHomeLoan" time="0.0">
    <ignored/>
  </testcase> <!-- webLoginHomeLoan -->
  <testcase classname="test.day3" name="mobileSigninCarLoan" time="0.0">
    <ignored/>
  </testcase> <!-- mobileSigninCarLoan -->
  <testcase classname="test.day3" name="APICarLoan" time="0.0">
    <ignored/>
  </testcase> <!-- APICarLoan -->
  <testcase classname="test.day3" name="mobileLogOutCarLoan" time="0.0">
    <ignored/>
  </testcase> <!-- mobileLogOutCarLoan -->
  <testcase classname="test.day4" name="mobileLoginHomeLoan" time="0.0">
    <ignored/>
  </testcase> <!-- mobileLoginHomeLoan -->
</testsuite> <!-- Regression -->
