<?xml version="1.0" encoding="UTF-8"?>
<!-- Generated by org.testng.reporters.JUnitXMLReporter -->
<testsuite ignored="0" hostname="snehas-mbp.lan" failures="0" tests="3" name="Default test" time="0.066" errors="0" timestamp="2023-08-24T12:15:13 PDT">
  <testcase classname="StreamTutorial.Test1" name="streamCollect" time="0.011"/>
  <testcase classname="StreamTutorial.Test1" name="streamFilter" time="0.003"/>
  <testcase classname="StreamTutorial.Test1" name="streamMap" time="0.006"/>
</testsuite> <!-- Default test -->
