<?xml version="1.0" encoding="UTF-8"?>
<testng-results ignored="0" total="3" passed="3" failed="0" skipped="0">
  <reporter-output>
  </reporter-output>
  <suite started-at="2023-08-24T12:15:13 PDT" name="Default suite" finished-at="2023-08-24T12:15:13 PDT" duration-ms="66">
    <groups>
    </groups>
    <test started-at="2023-08-24T12:15:13 PDT" name="Default test" finished-at="2023-08-24T12:15:13 PDT" duration-ms="66">
      <class name="StreamTutorial.Test1">
        <test-method signature="streamCollect()[pri:0, instance:StreamTutorial.Test1@d86a6f]" started-at="2023-08-24T12:15:13 PDT" name="streamCollect" finished-at="2023-08-24T12:15:13 PDT" duration-ms="11" status="PASS">
          <reporter-output>
          </reporter-output>
        </test-method> <!-- streamCollect -->
        <test-method signature="streamFilter()[pri:0, instance:StreamTutorial.Test1@d86a6f]" started-at="2023-08-24T12:15:13 PDT" name="streamFilter" finished-at="2023-08-24T12:15:13 PDT" duration-ms="3" status="PASS">
          <reporter-output>
          </reporter-output>
        </test-method> <!-- streamFilter -->
        <test-method signature="streamMap()[pri:0, instance:StreamTutorial.Test1@d86a6f]" started-at="2023-08-24T12:15:13 PDT" name="streamMap" finished-at="2023-08-24T12:15:13 PDT" duration-ms="6" status="PASS">
          <reporter-output>
          </reporter-output>
        </test-method> <!-- streamMap -->
      </class> <!-- StreamTutorial.Test1 -->
    </test> <!-- Default test -->
  </suite> <!-- Default suite -->
</testng-results>
