<?xml version="1.0" encoding="UTF-8"?>
<testsuite xmlns:xsi="http://www.w3.org/2001/XMLSchema-instance" xsi:noNamespaceSchemaLocation="https://maven.apache.org/surefire/maven-surefire-plugin/xsd/surefire-test-report-3.0.xsd" version="3.0" name="cucumber.TestNGTestRunner" time="32.015" tests="1" errors="0" skipped="0" failures="0">
  <properties>
[...]
</properties>
  <testcase name="runScenario[&quot;Positive test for submitting the order&quot;, &quot;Purchase the order from E-commerce website&quot;](1)" classname="cucumber.TestNGTestRunner" time="30.867">
    <system-out><![CDATA[chrome
[[ChromeDriver: chrome on MAC (eee525564a095e0fb17f68d7165b87af)] -> css selector: .mb-3]
ZARA COAT 3
true
THANKYOU FOR THE ORDER.
]]></system-out>
    <system-err><![CDATA[log4j:WARN No appenders could be found for logger (io.github.bonigarcia.wdm.WebDriverManager).
log4j:WARN Please initialize the log4j system properly.
log4j:WARN See http://logging.apache.org/log4j/1.2/faq.html#noconfig for more info.
Starting ChromeDriver 117.0.5938.92 (67649b10b92bb182fba357831ef7dd6a1baa5648-refs/branch-heads/5938_62@{#14}) on port 4273
Only local connections are allowed.
Please see https://chromedriver.chromium.org/security-considerations for suggestions on keeping ChromeDriver safe.
ChromeDriver was started successfully.
Sep 28, 2023 12:31:47 PM org.openqa.selenium.devtools.CdpVersionFinder findNearestMatch
WARNING: Unable to find CDP implementation matching 117
Sep 28, 2023 12:31:47 PM org.openqa.selenium.chromium.ChromiumDriver lambda$new$3
WARNING: Unable to find version of CDP to use for . You may need to include a dependency on a specific version of the CDP using something similar to `org.seleniumhq.selenium:selenium-devtools-v86:4.9.0` where the version ("v86") matches the version of the chromium-based browser you're using and the version number of the artifact is the same as Selenium's.
]]></system-err>
  </testcase>
</testsuite>