<?xml version="1.0" encoding="UTF-8"?>
<!-- Generated by org.testng.reporters.JUnitXMLReporter -->
<testsuite ignored="1" hostname="snehas-mbp.lan" failures="0" tests="4" name="Default test" time="0.09" errors="0" timestamp="2023-08-31T11:13:19 PDT">
  <testcase classname="test.day3" name="mobileLogOutCarLoan" time="0.011"/>
  <testcase classname="test.day3" name="webLoginCarLoan" time="0.001"/>
  <testcase classname="test.day3" name="mobileLoginCarLoan" time="0.004"/>
  <testcase classname="test.day3" name="APICarLoan" time="0.002"/>
  <testcase classname="test.day3" name="mobileSigninCarLoan" time="0.0">
    <ignored/>
  </testcase> <!-- mobileSigninCarLoan -->
</testsuite> <!-- Default test -->
