<?xml version="1.0" encoding="UTF-8"?>
<!-- Generated by org.testng.reporters.JUnitXMLReporter -->
<testsuite hostname="snehas-mbp.lan" ignored="0" name="Submit Order Test" tests="3" failures="0" timestamp="2023-10-02T08:56:10 PDT" time="2511.571" errors="0">
  <testcase name="submitOrder" time="16.594" classname="RahulShettyAcademy.tests.SubmitOrderTest"/>
  <testcase name="submitOrder" time="16.001" classname="RahulShettyAcademy.tests.SubmitOrderTest"/>
  <testcase name="orderHistoryTest" time="4.638" classname="RahulShettyAcademy.tests.SubmitOrderTest"/>
</testsuite> <!-- Submit Order Test -->
